0 verbose cli /usr/bin/node /usr/bin/npm
1 info using npm@10.8.2
2 info using node@v18.20.6
3 silly config load:file:/usr/lib/node_modules/npm/npmrc
4 silly config load:file:/root/bootlover-frontend/.npmrc
5 silly config load:file:/root/.npmrc
6 silly config load:file:/usr/etc/npmrc
7 verbose title npm install gsap@npm:@gsap/morphsvg-plugin
8 verbose argv "install" "gsap@npm:@gsap/morphsvg-plugin"
9 verbose logfile logs-max:10 dir:/root/.npm/_logs/2025-02-12T18_13_34_071Z-
10 verbose logfile /root/.npm/_logs/2025-02-12T18_13_34_071Z-debug-0.log
11 silly packumentCache heap:2197815296 maxSize:549453824 maxEntrySize:274726912
12 silly logfile start cleaning logs, removing 1 files
13 silly logfile done cleaning log files
14 silly idealTree buildDeps
15 silly fetch manifest gsap@npm:@gsap/morphsvg-plugin
16 silly packumentCache full:https://registry.npmjs.org/@gsap%2fmorphsvg-plugin cache-miss
17 http fetch GET 404 https://registry.npmjs.org/@gsap%2fmorphsvg-plugin 820ms (cache skip)
18 silly placeDep ROOT gsap@ REPLACE for: bootlover-frontend@0.1.0 want: npm:@gsap/morphsvg-plugin
19 verbose stack HttpErrorGeneral: 404 Not Found - GET https://registry.npmjs.org/@gsap%2fmorphsvg-plugin - Not found
19 verbose stack     at /usr/lib/node_modules/npm/node_modules/npm-registry-fetch/lib/check-response.js:95:15
19 verbose stack     at process.processTicksAndRejections (node:internal/process/task_queues:95:5)
19 verbose stack     at async RegistryFetcher.packument (/usr/lib/node_modules/npm/node_modules/pacote/lib/registry.js:90:19)
19 verbose stack     at async RegistryFetcher.manifest (/usr/lib/node_modules/npm/node_modules/pacote/lib/registry.js:128:23)
19 verbose stack     at async #fetchManifest (/usr/lib/node_modules/npm/node_modules/@npmcli/arborist/lib/arborist/build-ideal-tree.js:1199:20)
19 verbose stack     at async #nodeFromEdge (/usr/lib/node_modules/npm/node_modules/@npmcli/arborist/lib/arborist/build-ideal-tree.js:1037:19)
19 verbose stack     at async #buildDepStep (/usr/lib/node_modules/npm/node_modules/@npmcli/arborist/lib/arborist/build-ideal-tree.js:901:11)
19 verbose stack     at async Arborist.buildIdealTree (/usr/lib/node_modules/npm/node_modules/@npmcli/arborist/lib/arborist/build-ideal-tree.js:181:7)
19 verbose stack     at async Promise.all (index 1)
19 verbose stack     at async Arborist.reify (/usr/lib/node_modules/npm/node_modules/@npmcli/arborist/lib/arborist/reify.js:131:5)
20 verbose statusCode 404
21 verbose pkgid @gsap/morphsvg-plugin@*
22 error code E404
23 error 404 Not Found - GET https://registry.npmjs.org/@gsap%2fmorphsvg-plugin - Not found
24 error 404
25 error 404  '@gsap/morphsvg-plugin@*' is not in this registry.
26 error 404
27 error 404 Note that you can also install from a
28 error 404 tarball, folder, http url, or git url.
29 silly unfinished npm timer reify 1739384014407
30 silly unfinished npm timer reify:loadTrees 1739384014412
31 verbose cwd /root/bootlover-frontend
32 verbose os Linux 5.15.0-130-generic
33 verbose node v18.20.6
34 verbose npm  v10.8.2
35 verbose exit 1
36 verbose code 1
37 error A complete log of this run can be found in: /root/.npm/_logs/2025-02-12T18_13_34_071Z-debug-0.log
